Copyright 1986-2017 Xilinx, Inc. All Rights Reserved.
--------------------------------------------------------------------------------------------------------------------------------------------------------------------------------------
| Tool Version : Vivado v.2017.4 (win64) Build 2086221 Fri Dec 15 20:55:39 MST 2017
| Date         : Fri Jun 12 15:25:20 2020
| Host         : DESKTOP-SKCALQI running 64-bit major release  (build 9200)
| Command      : report_methodology -file design_1_wrapper_methodology_drc_routed.rpt -pb design_1_wrapper_methodology_drc_routed.pb -rpx design_1_wrapper_methodology_drc_routed.rpx
| Design       : design_1_wrapper
| Device       : xc7a35tcpg236-1
| Speed File   : -1
| Design State : Routed
--------------------------------------------------------------------------------------------------------------------------------------------------------------------------------------

Report Methodology

Table of Contents
-----------------
1. REPORT SUMMARY
2. REPORT DETAILS

1. REPORT SUMMARY
-----------------
            Netlist: netlist
          Floorplan: design_1
      Design limits: <entire design considered>
             Max violations: <unlimited>
             Violations found: 34
+-----------+----------+------------------------------------------------+------------+
| Rule      | Severity | Description                                    | Violations |
+-----------+----------+------------------------------------------------+------------+
| TIMING-6  | Warning  | No common primary clock between related clocks | 2          |
| TIMING-20 | Warning  | Non-clocked latch                              | 32         |
+-----------+----------+------------------------------------------------+------------+

2. REPORT DETAILS
-----------------
TIMING-6#1 Warning
No common primary clock between related clocks  
The clocks clk_out1_design_1_clk_wiz_0_0 and clk_out1_design_1_clk_wiz_0_0_1 are related (timed together) but they have no common primary clock. The design could fail in hardware. To find a timing path between these clocks, run the following command: report_timing -from [get_clocks clk_out1_design_1_clk_wiz_0_0] -to [get_clocks clk_out1_design_1_clk_wiz_0_0_1]
Related violations: <none>

TIMING-6#2 Warning
No common primary clock between related clocks  
The clocks clk_out1_design_1_clk_wiz_0_0_1 and clk_out1_design_1_clk_wiz_0_0 are related (timed together) but they have no common primary clock. The design could fail in hardware. To find a timing path between these clocks, run the following command: report_timing -from [get_clocks clk_out1_design_1_clk_wiz_0_0_1] -to [get_clocks clk_out1_design_1_clk_wiz_0_0]
Related violations: <none>

TIMING-20#1 Warning
Non-clocked latch  
The latch design_1_i/Beispielrechner_System_0/U0/TIMER_Inst/DAT_O_reg[0] cannot be properly analyzed as its control pin design_1_i/Beispielrechner_System_0/U0/TIMER_Inst/DAT_O_reg[0]/G is not reached by a timing clock
Related violations: <none>

TIMING-20#2 Warning
Non-clocked latch  
The latch design_1_i/Beispielrechner_System_0/U0/TIMER_Inst/DAT_O_reg[10] cannot be properly analyzed as its control pin design_1_i/Beispielrechner_System_0/U0/TIMER_Inst/DAT_O_reg[10]/G is not reached by a timing clock
Related violations: <none>

TIMING-20#3 Warning
Non-clocked latch  
The latch design_1_i/Beispielrechner_System_0/U0/TIMER_Inst/DAT_O_reg[11] cannot be properly analyzed as its control pin design_1_i/Beispielrechner_System_0/U0/TIMER_Inst/DAT_O_reg[11]/G is not reached by a timing clock
Related violations: <none>

TIMING-20#4 Warning
Non-clocked latch  
The latch design_1_i/Beispielrechner_System_0/U0/TIMER_Inst/DAT_O_reg[12] cannot be properly analyzed as its control pin design_1_i/Beispielrechner_System_0/U0/TIMER_Inst/DAT_O_reg[12]/G is not reached by a timing clock
Related violations: <none>

TIMING-20#5 Warning
Non-clocked latch  
The latch design_1_i/Beispielrechner_System_0/U0/TIMER_Inst/DAT_O_reg[13] cannot be properly analyzed as its control pin design_1_i/Beispielrechner_System_0/U0/TIMER_Inst/DAT_O_reg[13]/G is not reached by a timing clock
Related violations: <none>

TIMING-20#6 Warning
Non-clocked latch  
The latch design_1_i/Beispielrechner_System_0/U0/TIMER_Inst/DAT_O_reg[14] cannot be properly analyzed as its control pin design_1_i/Beispielrechner_System_0/U0/TIMER_Inst/DAT_O_reg[14]/G is not reached by a timing clock
Related violations: <none>

TIMING-20#7 Warning
Non-clocked latch  
The latch design_1_i/Beispielrechner_System_0/U0/TIMER_Inst/DAT_O_reg[15] cannot be properly analyzed as its control pin design_1_i/Beispielrechner_System_0/U0/TIMER_Inst/DAT_O_reg[15]/G is not reached by a timing clock
Related violations: <none>

TIMING-20#8 Warning
Non-clocked latch  
The latch design_1_i/Beispielrechner_System_0/U0/TIMER_Inst/DAT_O_reg[16] cannot be properly analyzed as its control pin design_1_i/Beispielrechner_System_0/U0/TIMER_Inst/DAT_O_reg[16]/G is not reached by a timing clock
Related violations: <none>

TIMING-20#9 Warning
Non-clocked latch  
The latch design_1_i/Beispielrechner_System_0/U0/TIMER_Inst/DAT_O_reg[17] cannot be properly analyzed as its control pin design_1_i/Beispielrechner_System_0/U0/TIMER_Inst/DAT_O_reg[17]/G is not reached by a timing clock
Related violations: <none>

TIMING-20#10 Warning
Non-clocked latch  
The latch design_1_i/Beispielrechner_System_0/U0/TIMER_Inst/DAT_O_reg[18] cannot be properly analyzed as its control pin design_1_i/Beispielrechner_System_0/U0/TIMER_Inst/DAT_O_reg[18]/G is not reached by a timing clock
Related violations: <none>

TIMING-20#11 Warning
Non-clocked latch  
The latch design_1_i/Beispielrechner_System_0/U0/TIMER_Inst/DAT_O_reg[19] cannot be properly analyzed as its control pin design_1_i/Beispielrechner_System_0/U0/TIMER_Inst/DAT_O_reg[19]/G is not reached by a timing clock
Related violations: <none>

TIMING-20#12 Warning
Non-clocked latch  
The latch design_1_i/Beispielrechner_System_0/U0/TIMER_Inst/DAT_O_reg[1] cannot be properly analyzed as its control pin design_1_i/Beispielrechner_System_0/U0/TIMER_Inst/DAT_O_reg[1]/G is not reached by a timing clock
Related violations: <none>

TIMING-20#13 Warning
Non-clocked latch  
The latch design_1_i/Beispielrechner_System_0/U0/TIMER_Inst/DAT_O_reg[20] cannot be properly analyzed as its control pin design_1_i/Beispielrechner_System_0/U0/TIMER_Inst/DAT_O_reg[20]/G is not reached by a timing clock
Related violations: <none>

TIMING-20#14 Warning
Non-clocked latch  
The latch design_1_i/Beispielrechner_System_0/U0/TIMER_Inst/DAT_O_reg[21] cannot be properly analyzed as its control pin design_1_i/Beispielrechner_System_0/U0/TIMER_Inst/DAT_O_reg[21]/G is not reached by a timing clock
Related violations: <none>

TIMING-20#15 Warning
Non-clocked latch  
The latch design_1_i/Beispielrechner_System_0/U0/TIMER_Inst/DAT_O_reg[22] cannot be properly analyzed as its control pin design_1_i/Beispielrechner_System_0/U0/TIMER_Inst/DAT_O_reg[22]/G is not reached by a timing clock
Related violations: <none>

TIMING-20#16 Warning
Non-clocked latch  
The latch design_1_i/Beispielrechner_System_0/U0/TIMER_Inst/DAT_O_reg[23] cannot be properly analyzed as its control pin design_1_i/Beispielrechner_System_0/U0/TIMER_Inst/DAT_O_reg[23]/G is not reached by a timing clock
Related violations: <none>

TIMING-20#17 Warning
Non-clocked latch  
The latch design_1_i/Beispielrechner_System_0/U0/TIMER_Inst/DAT_O_reg[24] cannot be properly analyzed as its control pin design_1_i/Beispielrechner_System_0/U0/TIMER_Inst/DAT_O_reg[24]/G is not reached by a timing clock
Related violations: <none>

TIMING-20#18 Warning
Non-clocked latch  
The latch design_1_i/Beispielrechner_System_0/U0/TIMER_Inst/DAT_O_reg[25] cannot be properly analyzed as its control pin design_1_i/Beispielrechner_System_0/U0/TIMER_Inst/DAT_O_reg[25]/G is not reached by a timing clock
Related violations: <none>

TIMING-20#19 Warning
Non-clocked latch  
The latch design_1_i/Beispielrechner_System_0/U0/TIMER_Inst/DAT_O_reg[26] cannot be properly analyzed as its control pin design_1_i/Beispielrechner_System_0/U0/TIMER_Inst/DAT_O_reg[26]/G is not reached by a timing clock
Related violations: <none>

TIMING-20#20 Warning
Non-clocked latch  
The latch design_1_i/Beispielrechner_System_0/U0/TIMER_Inst/DAT_O_reg[27] cannot be properly analyzed as its control pin design_1_i/Beispielrechner_System_0/U0/TIMER_Inst/DAT_O_reg[27]/G is not reached by a timing clock
Related violations: <none>

TIMING-20#21 Warning
Non-clocked latch  
The latch design_1_i/Beispielrechner_System_0/U0/TIMER_Inst/DAT_O_reg[28] cannot be properly analyzed as its control pin design_1_i/Beispielrechner_System_0/U0/TIMER_Inst/DAT_O_reg[28]/G is not reached by a timing clock
Related violations: <none>

TIMING-20#22 Warning
Non-clocked latch  
The latch design_1_i/Beispielrechner_System_0/U0/TIMER_Inst/DAT_O_reg[29] cannot be properly analyzed as its control pin design_1_i/Beispielrechner_System_0/U0/TIMER_Inst/DAT_O_reg[29]/G is not reached by a timing clock
Related violations: <none>

TIMING-20#23 Warning
Non-clocked latch  
The latch design_1_i/Beispielrechner_System_0/U0/TIMER_Inst/DAT_O_reg[2] cannot be properly analyzed as its control pin design_1_i/Beispielrechner_System_0/U0/TIMER_Inst/DAT_O_reg[2]/G is not reached by a timing clock
Related violations: <none>

TIMING-20#24 Warning
Non-clocked latch  
The latch design_1_i/Beispielrechner_System_0/U0/TIMER_Inst/DAT_O_reg[30] cannot be properly analyzed as its control pin design_1_i/Beispielrechner_System_0/U0/TIMER_Inst/DAT_O_reg[30]/G is not reached by a timing clock
Related violations: <none>

TIMING-20#25 Warning
Non-clocked latch  
The latch design_1_i/Beispielrechner_System_0/U0/TIMER_Inst/DAT_O_reg[31] cannot be properly analyzed as its control pin design_1_i/Beispielrechner_System_0/U0/TIMER_Inst/DAT_O_reg[31]/G is not reached by a timing clock
Related violations: <none>

TIMING-20#26 Warning
Non-clocked latch  
The latch design_1_i/Beispielrechner_System_0/U0/TIMER_Inst/DAT_O_reg[3] cannot be properly analyzed as its control pin design_1_i/Beispielrechner_System_0/U0/TIMER_Inst/DAT_O_reg[3]/G is not reached by a timing clock
Related violations: <none>

TIMING-20#27 Warning
Non-clocked latch  
The latch design_1_i/Beispielrechner_System_0/U0/TIMER_Inst/DAT_O_reg[4] cannot be properly analyzed as its control pin design_1_i/Beispielrechner_System_0/U0/TIMER_Inst/DAT_O_reg[4]/G is not reached by a timing clock
Related violations: <none>

TIMING-20#28 Warning
Non-clocked latch  
The latch design_1_i/Beispielrechner_System_0/U0/TIMER_Inst/DAT_O_reg[5] cannot be properly analyzed as its control pin design_1_i/Beispielrechner_System_0/U0/TIMER_Inst/DAT_O_reg[5]/G is not reached by a timing clock
Related violations: <none>

TIMING-20#29 Warning
Non-clocked latch  
The latch design_1_i/Beispielrechner_System_0/U0/TIMER_Inst/DAT_O_reg[6] cannot be properly analyzed as its control pin design_1_i/Beispielrechner_System_0/U0/TIMER_Inst/DAT_O_reg[6]/G is not reached by a timing clock
Related violations: <none>

TIMING-20#30 Warning
Non-clocked latch  
The latch design_1_i/Beispielrechner_System_0/U0/TIMER_Inst/DAT_O_reg[7] cannot be properly analyzed as its control pin design_1_i/Beispielrechner_System_0/U0/TIMER_Inst/DAT_O_reg[7]/G is not reached by a timing clock
Related violations: <none>

TIMING-20#31 Warning
Non-clocked latch  
The latch design_1_i/Beispielrechner_System_0/U0/TIMER_Inst/DAT_O_reg[8] cannot be properly analyzed as its control pin design_1_i/Beispielrechner_System_0/U0/TIMER_Inst/DAT_O_reg[8]/G is not reached by a timing clock
Related violations: <none>

TIMING-20#32 Warning
Non-clocked latch  
The latch design_1_i/Beispielrechner_System_0/U0/TIMER_Inst/DAT_O_reg[9] cannot be properly analyzed as its control pin design_1_i/Beispielrechner_System_0/U0/TIMER_Inst/DAT_O_reg[9]/G is not reached by a timing clock
Related violations: <none>


